2026-05-13 22:04:17 | INFORMATION | RemoteMonitorService started
2026-05-13 22:04:17 | INFORMATION | TunnelService starting with mode: "cloudflared"
2026-05-13 22:04:17 | ERROR | Failed to start cloudflared
System.ComponentModel.Win32Exception (2): An error occurred trying to start process 'cloudflared.exe' with working directory 'E:\OneDrive\CTD\4 Working now\4 杂项\Monitor'. 系统找不到指定的文件。
   at System.Diagnostics.Process.StartWithCreateProcess(ProcessStartInfo startInfo)
   at System.Diagnostics.Process.Start(ProcessStartInfo startInfo)
   at Monitor.App.Services.TunnelService.RunCloudflared(CancellationToken ct) in E:\OneDrive\CTD\4 Working now\4 杂项\Monitor\src\Monitor.App\Services\TunnelService.cs:line 83
2026-05-13 22:07:55 | INFORMATION | RemoteMonitorService started
2026-05-13 22:07:55 | INFORMATION | TunnelService starting with mode: "cloudflared"
2026-05-13 22:07:55 | ERROR | Failed to start cloudflared
System.ComponentModel.Win32Exception (2): An error occurred trying to start process 'cloudflared.exe' with working directory 'E:\OneDrive\CTD\4 Working now\4 杂项\Monitor'. 系统找不到指定的文件。
   at System.Diagnostics.Process.StartWithCreateProcess(ProcessStartInfo startInfo)
   at System.Diagnostics.Process.Start(ProcessStartInfo startInfo)
   at Monitor.App.Services.TunnelService.RunCloudflared(CancellationToken ct) in E:\OneDrive\CTD\4 Working now\4 杂项\Monitor\src\Monitor.App\Services\TunnelService.cs:line 83
2026-05-13 22:11:00 | INFORMATION | RemoteMonitorService started
2026-05-13 22:11:00 | INFORMATION | TunnelService starting with mode: "cloudflared"
2026-05-13 22:11:00 | ERROR | Failed to start cloudflared
System.ComponentModel.Win32Exception (2): An error occurred trying to start process 'cloudflared.exe' with working directory 'E:\OneDrive\CTD\4 Working now\4 杂项\Monitor'. 系统找不到指定的文件。
   at System.Diagnostics.Process.StartWithCreateProcess(ProcessStartInfo startInfo)
   at System.Diagnostics.Process.Start(ProcessStartInfo startInfo)
   at Monitor.App.Services.TunnelService.RunCloudflared(CancellationToken ct) in E:\OneDrive\CTD\4 Working now\4 杂项\Monitor\src\Monitor.App\Services\TunnelService.cs:line 83
2026-05-13 22:22:18 | INFORMATION | RemoteMonitorService started
2026-05-13 22:22:18 | INFORMATION | TunnelService starting with mode: "cloudflared"
2026-05-13 22:22:18 | ERROR | Failed to start cloudflared
System.ComponentModel.Win32Exception (2): An error occurred trying to start process 'cloudflared.exe' with working directory 'E:\OneDrive\CTD\4 Working now\4 杂项\Monitor'. 系统找不到指定的文件。
   at System.Diagnostics.Process.StartWithCreateProcess(ProcessStartInfo startInfo)
   at System.Diagnostics.Process.Start(ProcessStartInfo startInfo)
   at Monitor.App.Services.TunnelService.RunCloudflared(CancellationToken ct) in E:\OneDrive\CTD\4 Working now\4 杂项\Monitor\src\Monitor.App\Services\TunnelService.cs:line 83
2026-05-13 22:42:35 | INFORMATION | RemoteMonitorService started
2026-05-13 22:42:35 | INFORMATION | TunnelService starting with mode: "cloudflared"
2026-05-13 22:42:35 | ERROR | Failed to start cloudflared
System.ComponentModel.Win32Exception (2): An error occurred trying to start process 'cloudflared.exe' with working directory 'E:\OneDrive\CTD\4 Working now\4 杂项\Monitor'. 系统找不到指定的文件。
   at System.Diagnostics.Process.StartWithCreateProcess(ProcessStartInfo startInfo)
   at System.Diagnostics.Process.Start(ProcessStartInfo startInfo)
   at Monitor.App.Services.TunnelService.RunCloudflared(CancellationToken ct) in E:\OneDrive\CTD\4 Working now\4 杂项\Monitor\src\Monitor.App\Services\TunnelService.cs:line 83
2026-05-13 22:43:47 | INFORMATION | RemoteMonitorService started
2026-05-13 22:43:47 | INFORMATION | TunnelService starting with mode: "cloudflared"
2026-05-13 22:43:47 | ERROR | Failed to start cloudflared
System.ComponentModel.Win32Exception (2): An error occurred trying to start process 'cloudflared.exe' with working directory 'E:\OneDrive\CTD\4 Working now\4 杂项\Monitor'. 系统找不到指定的文件。
   at System.Diagnostics.Process.StartWithCreateProcess(ProcessStartInfo startInfo)
   at System.Diagnostics.Process.Start(ProcessStartInfo startInfo)
   at Monitor.App.Services.TunnelService.RunCloudflared(CancellationToken ct) in E:\OneDrive\CTD\4 Working now\4 杂项\Monitor\src\Monitor.App\Services\TunnelService.cs:line 83
2026-05-13 22:45:35 | INFORMATION | RemoteMonitorService started
2026-05-13 22:45:35 | INFORMATION | TunnelService starting with mode: "cloudflared"
2026-05-13 22:45:35 | ERROR | Failed to start cloudflared
System.ComponentModel.Win32Exception (2): An error occurred trying to start process 'cloudflared.exe' with working directory 'E:\OneDrive\CTD\4 Working now\4 杂项\Monitor'. 系统找不到指定的文件。
   at System.Diagnostics.Process.StartWithCreateProcess(ProcessStartInfo startInfo)
   at System.Diagnostics.Process.Start(ProcessStartInfo startInfo)
   at Monitor.App.Services.TunnelService.RunCloudflared(CancellationToken ct) in E:\OneDrive\CTD\4 Working now\4 杂项\Monitor\src\Monitor.App\Services\TunnelService.cs:line 83
2026-05-13 22:47:18 | INFORMATION | RemoteMonitorService started
2026-05-13 22:47:18 | INFORMATION | TunnelService starting with mode: "cloudflared"
2026-05-13 22:47:18 | ERROR | Failed to start cloudflared
System.ComponentModel.Win32Exception (2): An error occurred trying to start process 'cloudflared.exe' with working directory 'E:\OneDrive\CTD\4 Working now\4 杂项\Monitor\src\Monitor.App\bin\Debug\net8.0-windows'. 系统找不到指定的文件。
   at System.Diagnostics.Process.StartWithCreateProcess(ProcessStartInfo startInfo)
   at System.Diagnostics.Process.Start(ProcessStartInfo startInfo)
   at Monitor.App.Services.TunnelService.RunCloudflared(CancellationToken ct) in E:\OneDrive\CTD\4 Working now\4 杂项\Monitor\src\Monitor.App\Services\TunnelService.cs:line 83
2026-05-13 22:48:10 | INFORMATION | RemoteMonitorService started
2026-05-13 22:48:10 | INFORMATION | TunnelService starting with mode: "cloudflared"
2026-05-13 22:48:10 | ERROR | Failed to start cloudflared
System.ComponentModel.Win32Exception (2): An error occurred trying to start process 'cloudflared.exe' with working directory 'E:\OneDrive\CTD\4 Working now\4 杂项\Monitor\src\Monitor.App\bin\Debug\net8.0-windows'. 系统找不到指定的文件。
   at System.Diagnostics.Process.StartWithCreateProcess(ProcessStartInfo startInfo)
   at System.Diagnostics.Process.Start(ProcessStartInfo startInfo)
   at Monitor.App.Services.TunnelService.RunCloudflared(CancellationToken ct) in E:\OneDrive\CTD\4 Working now\4 杂项\Monitor\src\Monitor.App\Services\TunnelService.cs:line 83
2026-05-13 23:01:56 | INFORMATION | RemoteMonitorService started
2026-05-13 23:01:56 | INFORMATION | TunnelService starting with mode: "cloudflared"
2026-05-13 23:01:56 | ERROR | Failed to start cloudflared
System.ComponentModel.Win32Exception (2): An error occurred trying to start process 'cloudflared.exe' with working directory 'E:\OneDrive\CTD\4 Working now\4 杂项\Monitor'. 系统找不到指定的文件。
   at System.Diagnostics.Process.StartWithCreateProcess(ProcessStartInfo startInfo)
   at System.Diagnostics.Process.Start(ProcessStartInfo startInfo)
   at Monitor.App.Services.TunnelService.RunCloudflared(CancellationToken ct) in E:\OneDrive\CTD\4 Working now\4 杂项\Monitor\src\Monitor.App\Services\TunnelService.cs:line 83
2026-05-13 23:02:51 | INFORMATION | RemoteMonitorService started
2026-05-13 23:02:51 | INFORMATION | TunnelService starting with mode: "cloudflared"
2026-05-13 23:02:51 | ERROR | Failed to start cloudflared
System.ComponentModel.Win32Exception (2): An error occurred trying to start process 'cloudflared.exe' with working directory 'E:\OneDrive\CTD\4 Working now\4 杂项\Monitor\src\Monitor.App\bin\Debug\net8.0-windows'. 系统找不到指定的文件。
   at System.Diagnostics.Process.StartWithCreateProcess(ProcessStartInfo startInfo)
   at System.Diagnostics.Process.Start(ProcessStartInfo startInfo)
   at Monitor.App.Services.TunnelService.RunCloudflared(CancellationToken ct) in E:\OneDrive\CTD\4 Working now\4 杂项\Monitor\src\Monitor.App\Services\TunnelService.cs:line 83
2026-05-13 23:06:13 | INFORMATION | RemoteMonitorService started
2026-05-13 23:06:13 | INFORMATION | TunnelService starting with mode: "cloudflared"
2026-05-13 23:06:13 | ERROR | Failed to start cloudflared
System.ComponentModel.Win32Exception (2): An error occurred trying to start process 'cloudflared.exe' with working directory 'E:\OneDrive\CTD\4 Working now\4 杂项\Monitor'. 系统找不到指定的文件。
   at System.Diagnostics.Process.StartWithCreateProcess(ProcessStartInfo startInfo)
   at System.Diagnostics.Process.Start(ProcessStartInfo startInfo)
   at Monitor.App.Services.TunnelService.RunCloudflared(CancellationToken ct) in E:\OneDrive\CTD\4 Working now\4 杂项\Monitor\src\Monitor.App\Services\TunnelService.cs:line 83
2026-05-13 23:07:53 | INFORMATION | RemoteMonitorService started
2026-05-13 23:07:53 | INFORMATION | TunnelService starting with mode: "cloudflared"
2026-05-13 23:07:53 | ERROR | Failed to start cloudflared
System.ComponentModel.Win32Exception (2): An error occurred trying to start process 'cloudflared.exe' with working directory 'E:\OneDrive\CTD\4 Working now\4 杂项\Monitor'. 系统找不到指定的文件。
   at System.Diagnostics.Process.StartWithCreateProcess(ProcessStartInfo startInfo)
   at System.Diagnostics.Process.Start(ProcessStartInfo startInfo)
   at Monitor.App.Services.TunnelService.RunCloudflared(CancellationToken ct) in E:\OneDrive\CTD\4 Working now\4 杂项\Monitor\src\Monitor.App\Services\TunnelService.cs:line 83
2026-05-13 23:08:37 | INFORMATION | RemoteMonitorService started
2026-05-13 23:08:37 | INFORMATION | TunnelService starting with mode: "cloudflared"
2026-05-13 23:08:37 | ERROR | Failed to start cloudflared
System.ComponentModel.Win32Exception (2): An error occurred trying to start process 'cloudflared.exe' with working directory 'E:\OneDrive\CTD\4 Working now\4 杂项\Monitor'. 系统找不到指定的文件。
   at System.Diagnostics.Process.StartWithCreateProcess(ProcessStartInfo startInfo)
   at System.Diagnostics.Process.Start(ProcessStartInfo startInfo)
   at Monitor.App.Services.TunnelService.RunCloudflared(CancellationToken ct) in E:\OneDrive\CTD\4 Working now\4 杂项\Monitor\src\Monitor.App\Services\TunnelService.cs:line 83
2026-05-13 23:09:34 | INFORMATION | RemoteMonitorService started
2026-05-13 23:09:34 | INFORMATION | TunnelService starting with mode: "cloudflared"
2026-05-13 23:09:34 | ERROR | Failed to start cloudflared
System.ComponentModel.Win32Exception (2): An error occurred trying to start process 'cloudflared.exe' with working directory 'E:\OneDrive\CTD\4 Working now\4 杂项\Monitor'. 系统找不到指定的文件。
   at System.Diagnostics.Process.StartWithCreateProcess(ProcessStartInfo startInfo)
   at System.Diagnostics.Process.Start(ProcessStartInfo startInfo)
   at Monitor.App.Services.TunnelService.RunCloudflared(CancellationToken ct) in E:\OneDrive\CTD\4 Working now\4 杂项\Monitor\src\Monitor.App\Services\TunnelService.cs:line 83
2026-05-13 23:10:50 | INFORMATION | RemoteMonitorService started
2026-05-13 23:10:50 | INFORMATION | TunnelService starting with mode: "cloudflared"
2026-05-13 23:10:50 | ERROR | Failed to start cloudflared
System.ComponentModel.Win32Exception (2): An error occurred trying to start process 'cloudflared.exe' with working directory 'E:\OneDrive\CTD\4 Working now\4 杂项\Monitor'. 系统找不到指定的文件。
   at System.Diagnostics.Process.StartWithCreateProcess(ProcessStartInfo startInfo)
   at System.Diagnostics.Process.Start(ProcessStartInfo startInfo)
   at Monitor.App.Services.TunnelService.RunCloudflared(CancellationToken ct) in E:\OneDrive\CTD\4 Working now\4 杂项\Monitor\src\Monitor.App\Services\TunnelService.cs:line 83
2026-05-13 23:14:47 | INFORMATION | RemoteMonitorService started
2026-05-13 23:14:47 | INFORMATION | TunnelService starting with mode: "cloudflared"
2026-05-13 23:14:47 | ERROR | Failed to start cloudflared
System.ComponentModel.Win32Exception (2): An error occurred trying to start process 'cloudflared.exe' with working directory 'E:\OneDrive\CTD\4 Working now\4 杂项\Monitor\src\Monitor.App\bin\Debug\net8.0-windows'. 系统找不到指定的文件。
   at System.Diagnostics.Process.StartWithCreateProcess(ProcessStartInfo startInfo)
   at System.Diagnostics.Process.Start(ProcessStartInfo startInfo)
   at Monitor.App.Services.TunnelService.RunCloudflared(CancellationToken ct) in E:\OneDrive\CTD\4 Working now\4 杂项\Monitor\src\Monitor.App\Services\TunnelService.cs:line 83
