2026-05-15 12:26:04 | INFORMATION | Added column "operator_name" to "remote_sessions"
2026-05-15 12:26:04 | INFORMATION | Added column "source" to "remote_sessions"
2026-05-15 12:26:04 | INFORMATION | Added column "end_reason" to "remote_sessions"
2026-05-15 12:26:04 | INFORMATION | Added column "last_seen_at" to "remote_sessions"
2026-05-15 12:26:04 | INFORMATION | Cleaning up 5 stale active remote session(s) from previous run
2026-05-15 12:26:04 | INFORMATION | RemoteMonitorService started
2026-05-15 12:26:04 | INFORMATION | TunnelService starting with mode: "cloudflared"
2026-05-15 12:26:04 | WARNING | cloudflared not found at "cloudflared.exe"
2026-05-15 12:26:04 | INFORMATION | Remote session started: "sunlogin" confidence="high" signals=["agent_process,background_process"]
2026-05-15 12:26:04 | INFORMATION | Web API listening on http://127.0.0.1:8080
2026-05-15 12:26:04 | ERROR | Web API failed to start on port 8080
System.IO.IOException: Failed to bind to address http://127.0.0.1:8080: address already in use.
 ---> Microsoft.AspNetCore.Connections.AddressInUseException: 通常每个套接字地址(协议/网络地址/端口)只允许使用一次。
 ---> System.Net.Sockets.SocketException (10048): 通常每个套接字地址(协议/网络地址/端口)只允许使用一次。
   at System.Net.Sockets.Socket.UpdateStatusAfterSocketErrorAndThrowException(SocketError error, Boolean disconnectOnFailure, String callerName)
   at System.Net.Sockets.Socket.DoBind(EndPoint endPointSnapshot, SocketAddress socketAddress)
   at System.Net.Sockets.Socket.Bind(EndPoint localEP)
   at Microsoft.AspNetCore.Server.Kestrel.Transport.Sockets.SocketTransportOptions.CreateDefaultBoundListenSocket(EndPoint endpoint)
   at Microsoft.AspNetCore.Server.Kestrel.Transport.Sockets.SocketConnectionListener.Bind()
   --- End of inner exception stack trace ---
   at Microsoft.AspNetCore.Server.Kestrel.Transport.Sockets.SocketConnectionListener.Bind()
   at Microsoft.AspNetCore.Server.Kestrel.Transport.Sockets.SocketTransportFactory.BindAsync(EndPoint endpoint, CancellationToken cancellationToken)
   at Microsoft.AspNetCore.Server.Kestrel.Core.Internal.Infrastructure.TransportManager.BindAsync(EndPoint endPoint, ConnectionDelegate connectionDelegate, EndpointConfig endpointConfig, CancellationToken cancellationToken)
   at Microsoft.AspNetCore.Server.Kestrel.Core.KestrelServerImpl.<>c__DisplayClass28_0`1.<<StartAsync>g__OnBind|0>d.MoveNext()
--- End of stack trace from previous location ---
   at Microsoft.AspNetCore.Server.Kestrel.Core.Internal.AddressBinder.BindEndpointAsync(ListenOptions endpoint, AddressBindContext context, CancellationToken cancellationToken)
   --- End of inner exception stack trace ---
   at Microsoft.AspNetCore.Server.Kestrel.Core.Internal.AddressBinder.BindEndpointAsync(ListenOptions endpoint, AddressBindContext context, CancellationToken cancellationToken)
   at Microsoft.AspNetCore.Server.Kestrel.Core.ListenOptions.BindAsync(AddressBindContext context, CancellationToken cancellationToken)
   at Microsoft.AspNetCore.Server.Kestrel.Core.Internal.AddressBinder.AddressesStrategy.BindAsync(AddressBindContext context, CancellationToken cancellationToken)
   at Microsoft.AspNetCore.Server.Kestrel.Core.Internal.AddressBinder.BindAsync(ListenOptions[] listenOptions, AddressBindContext context, Func`2 useHttps, CancellationToken cancellationToken)
   at Microsoft.AspNetCore.Server.Kestrel.Core.KestrelServerImpl.BindAsync(CancellationToken cancellationToken)
   at Microsoft.AspNetCore.Server.Kestrel.Core.KestrelServerImpl.StartAsync[TContext](IHttpApplication`1 application, CancellationToken cancellationToken)
   at Microsoft.AspNetCore.Hosting.GenericWebHostService.StartAsync(CancellationToken cancellationToken)
   at Microsoft.Extensions.Hosting.Internal.Host.<StartAsync>b__15_1(IHostedService service, CancellationToken token)
   at Microsoft.Extensions.Hosting.Internal.Host.ForeachService[T](IEnumerable`1 services, CancellationToken token, Boolean concurrent, Boolean abortOnFirstException, List`1 exceptions, Func`3 operation)
   at Microsoft.Extensions.Hosting.Internal.Host.StartAsync(CancellationToken cancellationToken)
   at Microsoft.Extensions.Hosting.HostingAbstractionsHostExtensions.RunAsync(IHost host, CancellationToken token)
   at Microsoft.Extensions.Hosting.HostingAbstractionsHostExtensions.RunAsync(IHost host, CancellationToken token)
   at Monitor.App.App.<>c__DisplayClass3_0.<StartWebHost>b__0() in E:\OneDrive\CTD\4 Working now\4 杂项\Monitor\src\Monitor.App\App.xaml.cs:line 160
2026-05-15 12:30:56 | DEBUG | Column "operator_name" already exists in "remote_sessions", skipping
2026-05-15 12:30:56 | DEBUG | Column "source" already exists in "remote_sessions", skipping
2026-05-15 12:30:56 | DEBUG | Column "end_reason" already exists in "remote_sessions", skipping
2026-05-15 12:30:56 | DEBUG | Column "last_seen_at" already exists in "remote_sessions", skipping
2026-05-15 12:30:56 | INFORMATION | Cleaning up 1 stale active remote session(s) from previous run
2026-05-15 12:30:56 | INFORMATION | RemoteMonitorService started
2026-05-15 12:30:56 | INFORMATION | TunnelService starting with mode: "cloudflared"
2026-05-15 12:30:56 | WARNING | cloudflared not found at "cloudflared.exe"
2026-05-15 12:30:56 | INFORMATION | Remote session started: "sunlogin" confidence="high" signals=["agent_process,background_process"]
2026-05-15 12:30:56 | INFORMATION | Web API listening on http://127.0.0.1:8080
2026-05-15 12:30:56 | ERROR | Web API failed to start on port 8080
System.IO.IOException: Failed to bind to address http://127.0.0.1:8080: address already in use.
 ---> Microsoft.AspNetCore.Connections.AddressInUseException: 通常每个套接字地址(协议/网络地址/端口)只允许使用一次。
 ---> System.Net.Sockets.SocketException (10048): 通常每个套接字地址(协议/网络地址/端口)只允许使用一次。
   at System.Net.Sockets.Socket.UpdateStatusAfterSocketErrorAndThrowException(SocketError error, Boolean disconnectOnFailure, String callerName)
   at System.Net.Sockets.Socket.DoBind(EndPoint endPointSnapshot, SocketAddress socketAddress)
   at System.Net.Sockets.Socket.Bind(EndPoint localEP)
   at Microsoft.AspNetCore.Server.Kestrel.Transport.Sockets.SocketTransportOptions.CreateDefaultBoundListenSocket(EndPoint endpoint)
   at Microsoft.AspNetCore.Server.Kestrel.Transport.Sockets.SocketConnectionListener.Bind()
   --- End of inner exception stack trace ---
   at Microsoft.AspNetCore.Server.Kestrel.Transport.Sockets.SocketConnectionListener.Bind()
   at Microsoft.AspNetCore.Server.Kestrel.Transport.Sockets.SocketTransportFactory.BindAsync(EndPoint endpoint, CancellationToken cancellationToken)
   at Microsoft.AspNetCore.Server.Kestrel.Core.Internal.Infrastructure.TransportManager.BindAsync(EndPoint endPoint, ConnectionDelegate connectionDelegate, EndpointConfig endpointConfig, CancellationToken cancellationToken)
   at Microsoft.AspNetCore.Server.Kestrel.Core.KestrelServerImpl.<>c__DisplayClass28_0`1.<<StartAsync>g__OnBind|0>d.MoveNext()
--- End of stack trace from previous location ---
   at Microsoft.AspNetCore.Server.Kestrel.Core.Internal.AddressBinder.BindEndpointAsync(ListenOptions endpoint, AddressBindContext context, CancellationToken cancellationToken)
   --- End of inner exception stack trace ---
   at Microsoft.AspNetCore.Server.Kestrel.Core.Internal.AddressBinder.BindEndpointAsync(ListenOptions endpoint, AddressBindContext context, CancellationToken cancellationToken)
   at Microsoft.AspNetCore.Server.Kestrel.Core.ListenOptions.BindAsync(AddressBindContext context, CancellationToken cancellationToken)
   at Microsoft.AspNetCore.Server.Kestrel.Core.Internal.AddressBinder.AddressesStrategy.BindAsync(AddressBindContext context, CancellationToken cancellationToken)
   at Microsoft.AspNetCore.Server.Kestrel.Core.Internal.AddressBinder.BindAsync(ListenOptions[] listenOptions, AddressBindContext context, Func`2 useHttps, CancellationToken cancellationToken)
   at Microsoft.AspNetCore.Server.Kestrel.Core.KestrelServerImpl.BindAsync(CancellationToken cancellationToken)
   at Microsoft.AspNetCore.Server.Kestrel.Core.KestrelServerImpl.StartAsync[TContext](IHttpApplication`1 application, CancellationToken cancellationToken)
   at Microsoft.AspNetCore.Hosting.GenericWebHostService.StartAsync(CancellationToken cancellationToken)
   at Microsoft.Extensions.Hosting.Internal.Host.<StartAsync>b__15_1(IHostedService service, CancellationToken token)
   at Microsoft.Extensions.Hosting.Internal.Host.ForeachService[T](IEnumerable`1 services, CancellationToken token, Boolean concurrent, Boolean abortOnFirstException, List`1 exceptions, Func`3 operation)
   at Microsoft.Extensions.Hosting.Internal.Host.StartAsync(CancellationToken cancellationToken)
   at Microsoft.Extensions.Hosting.HostingAbstractionsHostExtensions.RunAsync(IHost host, CancellationToken token)
   at Microsoft.Extensions.Hosting.HostingAbstractionsHostExtensions.RunAsync(IHost host, CancellationToken token)
   at Monitor.App.App.<>c__DisplayClass3_0.<StartWebHost>b__0() in E:\OneDrive\CTD\4 Working now\4 杂项\Monitor\src\Monitor.App\App.xaml.cs:line 160
2026-05-15 12:59:25 | DEBUG | Column "operator_name" already exists in "remote_sessions", skipping
2026-05-15 12:59:25 | DEBUG | Column "source" already exists in "remote_sessions", skipping
2026-05-15 12:59:25 | DEBUG | Column "end_reason" already exists in "remote_sessions", skipping
2026-05-15 12:59:25 | DEBUG | Column "last_seen_at" already exists in "remote_sessions", skipping
2026-05-15 12:59:25 | INFORMATION | Cleaning up 1 stale active remote session(s) from previous run
2026-05-15 12:59:25 | INFORMATION | RemoteMonitorService started
2026-05-15 12:59:25 | INFORMATION | TunnelService starting with mode: "cloudflared"
2026-05-15 12:59:25 | WARNING | cloudflared not found at "cloudflared.exe"
2026-05-15 12:59:25 | INFORMATION | Remote session started: "sunlogin" confidence="high" signals=["agent_process,background_process"]
2026-05-15 12:59:25 | INFORMATION | Web API listening on http://127.0.0.1:8080
2026-05-15 13:01:25 | DEBUG | Remote signal missed (1/2)
2026-05-15 13:01:28 | DEBUG | Remote signal missed (2/2)
2026-05-15 13:01:28 | INFORMATION | Remote session ended: "sunlogin" (after 2 misses)
2026-05-15 14:39:37 | INFORMATION | Remote session started: "sunlogin" confidence="high" signals=["background_process,session_window"]
2026-05-15 14:56:11 | DEBUG | Column "operator_name" already exists in "remote_sessions", skipping
2026-05-15 14:56:11 | DEBUG | Column "source" already exists in "remote_sessions", skipping
2026-05-15 14:56:11 | DEBUG | Column "end_reason" already exists in "remote_sessions", skipping
2026-05-15 14:56:11 | DEBUG | Column "last_seen_at" already exists in "remote_sessions", skipping
2026-05-15 14:56:11 | INFORMATION | Cleaning up 1 stale active remote session(s) from previous run
2026-05-15 14:56:11 | INFORMATION | RemoteMonitorService started
2026-05-15 14:56:11 | INFORMATION | TunnelService starting with mode: "cloudflared"
2026-05-15 14:56:11 | WARNING | cloudflared not found at "cloudflared.exe"
2026-05-15 14:56:12 | INFORMATION | Web API listening on http://127.0.0.1:8080
2026-05-15 15:12:02 | DEBUG | Column "operator_name" already exists in "remote_sessions", skipping
2026-05-15 15:12:02 | DEBUG | Column "source" already exists in "remote_sessions", skipping
2026-05-15 15:12:02 | DEBUG | Column "end_reason" already exists in "remote_sessions", skipping
2026-05-15 15:12:02 | DEBUG | Column "last_seen_at" already exists in "remote_sessions", skipping
2026-05-15 15:12:02 | INFORMATION | RemoteMonitorService started
2026-05-15 15:12:02 | INFORMATION | TunnelService starting with mode: "cloudflared"
2026-05-15 15:12:02 | WARNING | cloudflared not found at "cloudflared.exe"
2026-05-15 15:12:02 | INFORMATION | Web API listening on http://127.0.0.1:8080
2026-05-15 15:26:29 | DEBUG | Column "operator_name" already exists in "remote_sessions", skipping
2026-05-15 15:26:30 | DEBUG | Column "source" already exists in "remote_sessions", skipping
2026-05-15 15:26:30 | DEBUG | Column "end_reason" already exists in "remote_sessions", skipping
2026-05-15 15:26:30 | DEBUG | Column "last_seen_at" already exists in "remote_sessions", skipping
2026-05-15 15:26:30 | INFORMATION | RemoteMonitorService started
2026-05-15 15:26:30 | INFORMATION | TunnelService starting with mode: "cloudflared"
2026-05-15 15:26:30 | WARNING | cloudflared not found at "cloudflared.exe"
2026-05-15 15:26:30 | INFORMATION | Web API listening on http://127.0.0.1:8080
2026-05-15 15:59:28 | DEBUG | Column "operator_name" already exists in "remote_sessions", skipping
2026-05-15 15:59:28 | DEBUG | Column "source" already exists in "remote_sessions", skipping
2026-05-15 15:59:28 | DEBUG | Column "end_reason" already exists in "remote_sessions", skipping
2026-05-15 15:59:28 | DEBUG | Column "last_seen_at" already exists in "remote_sessions", skipping
2026-05-15 15:59:28 | INFORMATION | RemoteMonitorService started
2026-05-15 15:59:28 | INFORMATION | TunnelService starting with mode: "cloudflared"
2026-05-15 15:59:28 | WARNING | cloudflared not found at "cloudflared.exe"
2026-05-15 15:59:28 | INFORMATION | Web API listening on http://127.0.0.1:8080
2026-05-15 16:50:23 | DEBUG | Column "operator_name" already exists in "remote_sessions", skipping
2026-05-15 16:50:23 | DEBUG | Column "source" already exists in "remote_sessions", skipping
2026-05-15 16:50:23 | DEBUG | Column "end_reason" already exists in "remote_sessions", skipping
2026-05-15 16:50:23 | DEBUG | Column "last_seen_at" already exists in "remote_sessions", skipping
2026-05-15 16:50:23 | INFORMATION | RemoteMonitorService started
2026-05-15 16:50:23 | INFORMATION | TunnelService starting with mode: "cloudflared"
2026-05-15 16:50:23 | WARNING | cloudflared not found at "cloudflared.exe"
2026-05-15 16:50:23 | INFORMATION | Web API listening on http://127.0.0.1:8080
2026-05-15 17:09:32 | DEBUG | Column "operator_name" already exists in "remote_sessions", skipping
2026-05-15 17:09:32 | DEBUG | Column "source" already exists in "remote_sessions", skipping
2026-05-15 17:09:32 | DEBUG | Column "end_reason" already exists in "remote_sessions", skipping
2026-05-15 17:09:32 | DEBUG | Column "last_seen_at" already exists in "remote_sessions", skipping
2026-05-15 17:09:32 | INFORMATION | RemoteMonitorService started
2026-05-15 17:09:32 | INFORMATION | TunnelService starting with mode: "cloudflared"
2026-05-15 17:09:32 | WARNING | cloudflared not found at "cloudflared.exe"
2026-05-15 17:09:32 | INFORMATION | Web API listening on http://127.0.0.1:8080
2026-05-15 17:15:45 | DEBUG | Column "operator_name" already exists in "remote_sessions", skipping
2026-05-15 17:15:45 | DEBUG | Column "source" already exists in "remote_sessions", skipping
2026-05-15 17:15:45 | DEBUG | Column "end_reason" already exists in "remote_sessions", skipping
2026-05-15 17:15:45 | DEBUG | Column "last_seen_at" already exists in "remote_sessions", skipping
2026-05-15 17:15:45 | INFORMATION | RemoteMonitorService started
2026-05-15 17:15:45 | INFORMATION | TunnelService starting with mode: "cloudflared"
2026-05-15 17:15:45 | WARNING | cloudflared not found at "cloudflared.exe"
2026-05-15 17:15:45 | INFORMATION | Web API listening on http://127.0.0.1:8080
2026-05-15 17:20:37 | DEBUG | Column "operator_name" already exists in "remote_sessions", skipping
2026-05-15 17:20:37 | DEBUG | Column "source" already exists in "remote_sessions", skipping
2026-05-15 17:20:37 | DEBUG | Column "end_reason" already exists in "remote_sessions", skipping
2026-05-15 17:20:37 | DEBUG | Column "last_seen_at" already exists in "remote_sessions", skipping
2026-05-15 17:20:37 | INFORMATION | RemoteMonitorService started
2026-05-15 17:20:37 | INFORMATION | TunnelService starting with mode: "cloudflared"
2026-05-15 17:20:37 | WARNING | cloudflared not found at "cloudflared.exe"
2026-05-15 17:20:37 | INFORMATION | Web API listening on http://127.0.0.1:8080
2026-05-15 23:53:23 | DEBUG | Column "operator_name" already exists in "remote_sessions", skipping
2026-05-15 23:53:23 | DEBUG | Column "source" already exists in "remote_sessions", skipping
2026-05-15 23:53:23 | DEBUG | Column "end_reason" already exists in "remote_sessions", skipping
2026-05-15 23:53:23 | DEBUG | Column "last_seen_at" already exists in "remote_sessions", skipping
2026-05-15 23:53:23 | INFORMATION | RemoteMonitorService started
2026-05-15 23:53:23 | INFORMATION | TunnelService starting with mode: "cloudflared"
2026-05-15 23:53:23 | WARNING | cloudflared not found at "cloudflared.exe"
2026-05-15 23:53:23 | INFORMATION | Remote session started: "sunlogin" confidence="high" signals=["agent_process,background_process,loopback_connection"]
2026-05-15 23:53:23 | INFORMATION | Web API listening on http://127.0.0.1:8080
